CRITICAL - 2021-06-05 20:45:47 --> You must set the database table to be used with your query.
#0 /Users/mac/development/sites/oes/system/Model.php(587): CodeIgniter\Database\BaseConnection->table(NULL)
#1 /Users/mac/development/sites/oes/system/Model.php(360): CodeIgniter\Model->builder()
#2 /Users/mac/development/sites/oes/system/BaseModel.php(1008): CodeIgniter\Model->doDelete(Array, false)
#3 /Users/mac/development/sites/oes/app/Controllers/Admin.php(174): CodeIgniter\BaseModel->delete(Array)
#4 /Users/mac/development/sites/oes/system/CodeIgniter.php(948): App\Controllers\Admin->deleteUser('10')
#5 /Users/mac/development/sites/oes/system/CodeIgniter.php(444): CodeIgniter\CodeIgniter->runController(Object(App\Controllers\Admin))
#6 /Users/mac/development/sites/oes/system/CodeIgniter.php(344): CodeIgniter\CodeIgniter->handleRequest(NULL, Object(Config\Cache), false)
#7 /Users/mac/development/sites/oes/public/index.php(59): CodeIgniter\CodeIgniter->run()
#8 {main}
CRITICAL - 2021-06-05 20:46:57 --> You must set the database table to be used with your query.
#0 /Users/mac/development/sites/oes/system/Model.php(587): CodeIgniter\Database\BaseConnection->table(NULL)
#1 /Users/mac/development/sites/oes/system/Model.php(360): CodeIgniter\Model->builder()
#2 /Users/mac/development/sites/oes/system/BaseModel.php(1008): CodeIgniter\Model->doDelete(Array, false)
#3 /Users/mac/development/sites/oes/app/Controllers/Admin.php(174): CodeIgniter\BaseModel->delete(Array)
#4 /Users/mac/development/sites/oes/system/CodeIgniter.php(948): App\Controllers\Admin->deleteUser('10')
#5 /Users/mac/development/sites/oes/system/CodeIgniter.php(444): CodeIgniter\CodeIgniter->runController(Object(App\Controllers\Admin))
#6 /Users/mac/development/sites/oes/system/CodeIgniter.php(344): CodeIgniter\CodeIgniter->handleRequest(NULL, Object(Config\Cache), false)
#7 /Users/mac/development/sites/oes/public/index.php(59): CodeIgniter\CodeIgniter->run()
#8 {main}
CRITICAL - 2021-06-05 21:20:53 --> syntax error, unexpected '']).'' (T_CONSTANT_ENCAPSED_STRING), expecting ']'
#0 /Users/mac/development/sites/oes/system/View/View.php(222): CodeIgniter\View\View->CodeIgniter\View\{closure}()
#1 /Users/mac/development/sites/oes/system/Common.php(1250): CodeIgniter\View\View->render('listMission', Array, true)
#2 /Users/mac/development/sites/oes/app/Controllers/Mission.php(22): view('listMission', Array)
#3 /Users/mac/development/sites/oes/system/CodeIgniter.php(948): App\Controllers\Mission->list()
#4 /Users/mac/development/sites/oes/system/CodeIgniter.php(444): CodeIgniter\CodeIgniter->runController(Object(App\Controllers\Mission))
#5 /Users/mac/development/sites/oes/system/CodeIgniter.php(344): CodeIgniter\CodeIgniter->handleRequest(NULL, Object(Config\Cache), false)
#6 /Users/mac/development/sites/oes/public/index.php(59): CodeIgniter\CodeIgniter->run()
#7 {main}
CRITICAL - 2021-06-05 21:21:27 --> syntax error, unexpected '']).'' (T_CONSTANT_ENCAPSED_STRING), expecting ']'
#0 /Users/mac/development/sites/oes/system/View/View.php(222): CodeIgniter\View\View->CodeIgniter\View\{closure}()
#1 /Users/mac/development/sites/oes/system/Common.php(1250): CodeIgniter\View\View->render('listMission', Array, true)
#2 /Users/mac/development/sites/oes/app/Controllers/Mission.php(22): view('listMission', Array)
#3 /Users/mac/development/sites/oes/system/CodeIgniter.php(948): App\Controllers\Mission->list()
#4 /Users/mac/development/sites/oes/system/CodeIgniter.php(444): CodeIgniter\CodeIgniter->runController(Object(App\Controllers\Mission))
#5 /Users/mac/development/sites/oes/system/CodeIgniter.php(344): CodeIgniter\CodeIgniter->handleRequest(NULL, Object(Config\Cache), false)
#6 /Users/mac/development/sites/oes/public/index.php(59): CodeIgniter\CodeIgniter->run()
#7 {main}
CRITICAL - 2021-06-05 21:21:54 --> Undefined variable: tableRows
#0 /Users/mac/development/sites/oes/app/Views/listMission.php(22): CodeIgniter\Debug\Exceptions->errorHandler(8, 'Undefined varia...', '/Users/mac/deve...', 22, Array)
#1 /Users/mac/development/sites/oes/system/View/View.php(220): include('/Users/mac/deve...')
#2 /Users/mac/development/sites/oes/system/View/View.php(222): CodeIgniter\View\View->CodeIgniter\View\{closure}()
#3 /Users/mac/development/sites/oes/system/Common.php(1250): CodeIgniter\View\View->render('listMission', Array, true)
#4 /Users/mac/development/sites/oes/app/Controllers/Mission.php(22): view('listMission', Array)
#5 /Users/mac/development/sites/oes/system/CodeIgniter.php(948): App\Controllers\Mission->list()
#6 /Users/mac/development/sites/oes/system/CodeIgniter.php(444): CodeIgniter\CodeIgniter->runController(Object(App\Controllers\Mission))
#7 /Users/mac/development/sites/oes/system/CodeIgniter.php(344): CodeIgniter\CodeIgniter->handleRequest(NULL, Object(Config\Cache), false)
#8 /Users/mac/development/sites/oes/public/index.php(59): CodeIgniter\CodeIgniter->run()
#9 {main}
CRITICAL - 2021-06-05 21:22:21 --> Undefined variable: year
#0 /Users/mac/development/sites/oes/app/Views/listMission.php(45): CodeIgniter\Debug\Exceptions->errorHandler(8, 'Undefined varia...', '/Users/mac/deve...', 45, Array)
#1 /Users/mac/development/sites/oes/system/View/View.php(220): include('/Users/mac/deve...')
#2 /Users/mac/development/sites/oes/system/View/View.php(222): CodeIgniter\View\View->CodeIgniter\View\{closure}()
#3 /Users/mac/development/sites/oes/system/Common.php(1250): CodeIgniter\View\View->render('listMission', Array, true)
#4 /Users/mac/development/sites/oes/app/Controllers/Mission.php(22): view('listMission', Array)
#5 /Users/mac/development/sites/oes/system/CodeIgniter.php(948): App\Controllers\Mission->list()
#6 /Users/mac/development/sites/oes/system/CodeIgniter.php(444): CodeIgniter\CodeIgniter->runController(Object(App\Controllers\Mission))
#7 /Users/mac/development/sites/oes/system/CodeIgniter.php(344): CodeIgniter\CodeIgniter->handleRequest(NULL, Object(Config\Cache), false)
#8 /Users/mac/development/sites/oes/public/index.php(59): CodeIgniter\CodeIgniter->run()
#9 {main}
CRITICAL - 2021-06-05 21:24:28 --> Undefined variable: year
#0 /Users/mac/development/sites/oes/app/Views/listMission.php(45): CodeIgniter\Debug\Exceptions->errorHandler(8, 'Undefined varia...', '/Users/mac/deve...', 45, Array)
#1 /Users/mac/development/sites/oes/system/View/View.php(220): include('/Users/mac/deve...')
#2 /Users/mac/development/sites/oes/system/View/View.php(222): CodeIgniter\View\View->CodeIgniter\View\{closure}()
#3 /Users/mac/development/sites/oes/system/Common.php(1250): CodeIgniter\View\View->render('listMission', Array, true)
#4 /Users/mac/development/sites/oes/app/Controllers/Mission.php(22): view('listMission', Array)
#5 /Users/mac/development/sites/oes/system/CodeIgniter.php(948): App\Controllers\Mission->list()
#6 /Users/mac/development/sites/oes/system/CodeIgniter.php(444): CodeIgniter\CodeIgniter->runController(Object(App\Controllers\Mission))
#7 /Users/mac/development/sites/oes/system/CodeIgniter.php(344): CodeIgniter\CodeIgniter->handleRequest(NULL, Object(Config\Cache), false)
#8 /Users/mac/development/sites/oes/public/index.php(59): CodeIgniter\CodeIgniter->run()
#9 {main}
CRITICAL - 2021-06-05 21:24:37 --> Undefined variable: year
#0 /Users/mac/development/sites/oes/app/Views/listMission.php(45): CodeIgniter\Debug\Exceptions->errorHandler(8, 'Undefined varia...', '/Users/mac/deve...', 45, Array)
#1 /Users/mac/development/sites/oes/system/View/View.php(220): include('/Users/mac/deve...')
#2 /Users/mac/development/sites/oes/system/View/View.php(222): CodeIgniter\View\View->CodeIgniter\View\{closure}()
#3 /Users/mac/development/sites/oes/system/Common.php(1250): CodeIgniter\View\View->render('listMission', Array, true)
#4 /Users/mac/development/sites/oes/app/Controllers/Mission.php(22): view('listMission', Array)
#5 /Users/mac/development/sites/oes/system/CodeIgniter.php(948): App\Controllers\Mission->list()
#6 /Users/mac/development/sites/oes/system/CodeIgniter.php(444): CodeIgniter\CodeIgniter->runController(Object(App\Controllers\Mission))
#7 /Users/mac/development/sites/oes/system/CodeIgniter.php(344): CodeIgniter\CodeIgniter->handleRequest(NULL, Object(Config\Cache), false)
#8 /Users/mac/development/sites/oes/public/index.php(59): CodeIgniter\CodeIgniter->run()
#9 {main}
CRITICAL - 2021-06-05 21:25:30 --> Invalid argument supplied for foreach()
#0 /Users/mac/development/sites/oes/app/Helpers/table_helper.php(17): CodeIgniter\Debug\Exceptions->errorHandler(2, 'Invalid argumen...', '/Users/mac/deve...', 17, Array)
#1 /Users/mac/development/sites/oes/app/Views/listMission.php(64): genTable(NULL)
#2 /Users/mac/development/sites/oes/system/View/View.php(220): include('/Users/mac/deve...')
#3 /Users/mac/development/sites/oes/system/View/View.php(222): CodeIgniter\View\View->CodeIgniter\View\{closure}()
#4 /Users/mac/development/sites/oes/system/Common.php(1250): CodeIgniter\View\View->render('listMission', Array, true)
#5 /Users/mac/development/sites/oes/app/Controllers/Mission.php(22): view('listMission', Array)
#6 /Users/mac/development/sites/oes/system/CodeIgniter.php(948): App\Controllers\Mission->list()
#7 /Users/mac/development/sites/oes/system/CodeIgniter.php(444): CodeIgniter\CodeIgniter->runController(Object(App\Controllers\Mission))
#8 /Users/mac/development/sites/oes/system/CodeIgniter.php(344): CodeIgniter\CodeIgniter->handleRequest(NULL, Object(Config\Cache), false)
#9 /Users/mac/development/sites/oes/public/index.php(59): CodeIgniter\CodeIgniter->run()
#10 {main}
CRITICAL - 2021-06-05 21:25:31 --> Invalid argument supplied for foreach()
#0 /Users/mac/development/sites/oes/app/Helpers/table_helper.php(17): CodeIgniter\Debug\Exceptions->errorHandler(2, 'Invalid argumen...', '/Users/mac/deve...', 17, Array)
#1 /Users/mac/development/sites/oes/app/Views/listMission.php(64): genTable(NULL)
#2 /Users/mac/development/sites/oes/system/View/View.php(220): include('/Users/mac/deve...')
#3 /Users/mac/development/sites/oes/system/View/View.php(222): CodeIgniter\View\View->CodeIgniter\View\{closure}()
#4 /Users/mac/development/sites/oes/system/Common.php(1250): CodeIgniter\View\View->render('listMission', Array, true)
#5 /Users/mac/development/sites/oes/app/Controllers/Mission.php(22): view('listMission', Array)
#6 /Users/mac/development/sites/oes/system/CodeIgniter.php(948): App\Controllers\Mission->list()
#7 /Users/mac/development/sites/oes/system/CodeIgniter.php(444): CodeIgniter\CodeIgniter->runController(Object(App\Controllers\Mission))
#8 /Users/mac/development/sites/oes/system/CodeIgniter.php(344): CodeIgniter\CodeIgniter->handleRequest(NULL, Object(Config\Cache), false)
#9 /Users/mac/development/sites/oes/public/index.php(59): CodeIgniter\CodeIgniter->run()
#10 {main}
CRITICAL - 2021-06-05 21:25:54 --> Undefined variable: year
#0 /Users/mac/development/sites/oes/app/Views/listMission.php(45): CodeIgniter\Debug\Exceptions->errorHandler(8, 'Undefined varia...', '/Users/mac/deve...', 45, Array)
#1 /Users/mac/development/sites/oes/system/View/View.php(220): include('/Users/mac/deve...')
#2 /Users/mac/development/sites/oes/system/View/View.php(222): CodeIgniter\View\View->CodeIgniter\View\{closure}()
#3 /Users/mac/development/sites/oes/system/Common.php(1250): CodeIgniter\View\View->render('listMission', Array, true)
#4 /Users/mac/development/sites/oes/app/Controllers/Mission.php(22): view('listMission', Array)
#5 /Users/mac/development/sites/oes/system/CodeIgniter.php(948): App\Controllers\Mission->list()
#6 /Users/mac/development/sites/oes/system/CodeIgniter.php(444): CodeIgniter\CodeIgniter->runController(Object(App\Controllers\Mission))
#7 /Users/mac/development/sites/oes/system/CodeIgniter.php(344): CodeIgniter\CodeIgniter->handleRequest(NULL, Object(Config\Cache), false)
#8 /Users/mac/development/sites/oes/public/index.php(59): CodeIgniter\CodeIgniter->run()
#9 {main}
CRITICAL - 2021-06-05 21:30:42 --> Undefined variable: mouArr
#0 /Users/mac/development/sites/oes/app/Views/listMission.php(64): CodeIgniter\Debug\Exceptions->errorHandler(8, 'Undefined varia...', '/Users/mac/deve...', 64, Array)
#1 /Users/mac/development/sites/oes/system/View/View.php(220): include('/Users/mac/deve...')
#2 /Users/mac/development/sites/oes/system/View/View.php(222): CodeIgniter\View\View->CodeIgniter\View\{closure}()
#3 /Users/mac/development/sites/oes/system/Common.php(1250): CodeIgniter\View\View->render('listMission', Array, true)
#4 /Users/mac/development/sites/oes/app/Controllers/Mission.php(24): view('listMission', Array)
#5 /Users/mac/development/sites/oes/system/CodeIgniter.php(948): App\Controllers\Mission->list()
#6 /Users/mac/development/sites/oes/system/CodeIgniter.php(444): CodeIgniter\CodeIgniter->runController(Object(App\Controllers\Mission))
#7 /Users/mac/development/sites/oes/system/CodeIgniter.php(344): CodeIgniter\CodeIgniter->handleRequest(NULL, Object(Config\Cache), false)
#8 /Users/mac/development/sites/oes/public/index.php(59): CodeIgniter\CodeIgniter->run()
#9 {main}
CRITICAL - 2021-06-05 21:48:42 --> Undefined variable: data
#0 /Users/mac/development/sites/oes/app/Controllers/Mission.php(36): CodeIgniter\Debug\Exceptions->errorHandler(8, 'Undefined varia...', '/Users/mac/deve...', 36, Array)
#1 /Users/mac/development/sites/oes/system/CodeIgniter.php(948): App\Controllers\Mission->add()
#2 /Users/mac/development/sites/oes/system/CodeIgniter.php(444): CodeIgniter\CodeIgniter->runController(Object(App\Controllers\Mission))
#3 /Users/mac/development/sites/oes/system/CodeIgniter.php(344): CodeIgniter\CodeIgniter->handleRequest(NULL, Object(Config\Cache), false)
#4 /Users/mac/development/sites/oes/public/index.php(59): CodeIgniter\CodeIgniter->run()
#5 {main}
CRITICAL - 2021-06-05 21:56:02 --> syntax error, unexpected '$mission' (T_VARIABLE), expecting ')'
#0 /Users/mac/development/sites/oes/system/View/View.php(222): CodeIgniter\View\View->CodeIgniter\View\{closure}()
#1 /Users/mac/development/sites/oes/system/Common.php(1250): CodeIgniter\View\View->render('missionDetail', Array, true)
#2 /Users/mac/development/sites/oes/app/Controllers/Mission.php(36): view('missionDetail')
#3 /Users/mac/development/sites/oes/system/CodeIgniter.php(948): App\Controllers\Mission->add()
#4 /Users/mac/development/sites/oes/system/CodeIgniter.php(444): CodeIgniter\CodeIgniter->runController(Object(App\Controllers\Mission))
#5 /Users/mac/development/sites/oes/system/CodeIgniter.php(344): CodeIgniter\CodeIgniter->handleRequest(NULL, Object(Config\Cache), false)
#6 /Users/mac/development/sites/oes/public/index.php(59): CodeIgniter\CodeIgniter->run()
#7 {main}
CRITICAL - 2021-06-05 21:56:43 --> Call to undefined function genForm()
#0 /Users/mac/development/sites/oes/system/View/View.php(220): include()
#1 /Users/mac/development/sites/oes/system/View/View.php(222): CodeIgniter\View\View->CodeIgniter\View\{closure}()
#2 /Users/mac/development/sites/oes/system/Common.php(1250): CodeIgniter\View\View->render('missionDetail', Array, true)
#3 /Users/mac/development/sites/oes/app/Controllers/Mission.php(36): view('missionDetail')
#4 /Users/mac/development/sites/oes/system/CodeIgniter.php(948): App\Controllers\Mission->add()
#5 /Users/mac/development/sites/oes/system/CodeIgniter.php(444): CodeIgniter\CodeIgniter->runController(Object(App\Controllers\Mission))
#6 /Users/mac/development/sites/oes/system/CodeIgniter.php(344): CodeIgniter\CodeIgniter->handleRequest(NULL, Object(Config\Cache), false)
#7 /Users/mac/development/sites/oes/public/index.php(59): CodeIgniter\CodeIgniter->run()
#8 {main}
CRITICAL - 2021-06-05 22:00:52 --> You must set the database table to be used with your query.
#0 /Users/mac/development/sites/oes/system/Model.php(587): CodeIgniter\Database\BaseConnection->table(NULL)
#1 /Users/mac/development/sites/oes/system/Model.php(783): CodeIgniter\Model->builder()
#2 /Users/mac/development/sites/oes/app/Controllers/Mission.php(51): CodeIgniter\Model->__call('missionAdd', Array)
#3 /Users/mac/development/sites/oes/system/CodeIgniter.php(948): App\Controllers\Mission->save()
#4 /Users/mac/development/sites/oes/system/CodeIgniter.php(444): CodeIgniter\CodeIgniter->runController(Object(App\Controllers\Mission))
#5 /Users/mac/development/sites/oes/system/CodeIgniter.php(344): CodeIgniter\CodeIgniter->handleRequest(NULL, Object(Config\Cache), false)
#6 /Users/mac/development/sites/oes/public/index.php(59): CodeIgniter\CodeIgniter->run()
#7 {main}
CRITICAL - 2021-06-05 22:03:24 --> Cannot use object of type stdClass as array
#0 /Users/mac/development/sites/oes/system/View/View.php(220): include()
#1 /Users/mac/development/sites/oes/system/View/View.php(222): CodeIgniter\View\View->CodeIgniter\View\{closure}()
#2 /Users/mac/development/sites/oes/system/Common.php(1250): CodeIgniter\View\View->render('missionList', Array, true)
#3 /Users/mac/development/sites/oes/app/Controllers/Mission.php(24): view('missionList', Array)
#4 /Users/mac/development/sites/oes/system/CodeIgniter.php(948): App\Controllers\Mission->list()
#5 /Users/mac/development/sites/oes/system/CodeIgniter.php(444): CodeIgniter\CodeIgniter->runController(Object(App\Controllers\Mission))
#6 /Users/mac/development/sites/oes/system/CodeIgniter.php(344): CodeIgniter\CodeIgniter->handleRequest(NULL, Object(Config\Cache), false)
#7 /Users/mac/development/sites/oes/public/index.php(59): CodeIgniter\CodeIgniter->run()
#8 {main}
CRITICAL - 2021-06-05 23:24:30 --> Undefined variable: indicatorData
#0 /Users/mac/development/sites/oes/app/Controllers/Mission.php(102): CodeIgniter\Debug\Exceptions->errorHandler(8, 'Undefined varia...', '/Users/mac/deve...', 102, Array)
#1 /Users/mac/development/sites/oes/system/CodeIgniter.php(948): App\Controllers\Mission->indicatorList('4')
#2 /Users/mac/development/sites/oes/system/CodeIgniter.php(444): CodeIgniter\CodeIgniter->runController(Object(App\Controllers\Mission))
#3 /Users/mac/development/sites/oes/system/CodeIgniter.php(344): CodeIgniter\CodeIgniter->handleRequest(NULL, Object(Config\Cache), false)
#4 /Users/mac/development/sites/oes/public/index.php(59): CodeIgniter\CodeIgniter->run()
#5 {main}
CRITICAL - 2021-06-05 23:25:17 --> Undefined variable: indicatorData
#0 /Users/mac/development/sites/oes/app/Controllers/Mission.php(111): CodeIgniter\Debug\Exceptions->errorHandler(8, 'Undefined varia...', '/Users/mac/deve...', 111, Array)
#1 /Users/mac/development/sites/oes/system/CodeIgniter.php(948): App\Controllers\Mission->indicatorList('4')
#2 /Users/mac/development/sites/oes/system/CodeIgniter.php(444): CodeIgniter\CodeIgniter->runController(Object(App\Controllers\Mission))
#3 /Users/mac/development/sites/oes/system/CodeIgniter.php(344): CodeIgniter\CodeIgniter->handleRequest(NULL, Object(Config\Cache), false)
#4 /Users/mac/development/sites/oes/public/index.php(59): CodeIgniter\CodeIgniter->run()
#5 {main}
CRITICAL - 2021-06-05 23:26:00 --> Trying to get property 'subject' of non-object
#0 /Users/mac/development/sites/oes/app/Views/indicatorList.php(10): CodeIgniter\Debug\Exceptions->errorHandler(8, 'Trying to get p...', '/Users/mac/deve...', 10, Array)
#1 /Users/mac/development/sites/oes/system/View/View.php(220): include('/Users/mac/deve...')
#2 /Users/mac/development/sites/oes/system/View/View.php(222): CodeIgniter\View\View->CodeIgniter\View\{closure}()
#3 /Users/mac/development/sites/oes/system/Common.php(1250): CodeIgniter\View\View->render('indicatorList', Array, true)
#4 /Users/mac/development/sites/oes/app/Controllers/Mission.php(118): view('indicatorList', Array)
#5 /Users/mac/development/sites/oes/system/CodeIgniter.php(948): App\Controllers\Mission->indicatorList('4')
#6 /Users/mac/development/sites/oes/system/CodeIgniter.php(444): CodeIgniter\CodeIgniter->runController(Object(App\Controllers\Mission))
#7 /Users/mac/development/sites/oes/system/CodeIgniter.php(344): CodeIgniter\CodeIgniter->handleRequest(NULL, Object(Config\Cache), false)
#8 /Users/mac/development/sites/oes/public/index.php(59): CodeIgniter\CodeIgniter->run()
#9 {main}
CRITICAL - 2021-06-05 23:36:03 --> Trying to get property 'id' of non-object
#0 /Users/mac/development/sites/oes/app/Views/indicatorList.php(36): CodeIgniter\Debug\Exceptions->errorHandler(8, 'Trying to get p...', '/Users/mac/deve...', 36, Array)
#1 /Users/mac/development/sites/oes/system/View/View.php(220): include('/Users/mac/deve...')
#2 /Users/mac/development/sites/oes/system/View/View.php(222): CodeIgniter\View\View->CodeIgniter\View\{closure}()
#3 /Users/mac/development/sites/oes/system/Common.php(1250): CodeIgniter\View\View->render('indicatorList', Array, true)
#4 /Users/mac/development/sites/oes/app/Controllers/Mission.php(118): view('indicatorList', Array)
#5 /Users/mac/development/sites/oes/system/CodeIgniter.php(948): App\Controllers\Mission->indicatorList('4')
#6 /Users/mac/development/sites/oes/system/CodeIgniter.php(444): CodeIgniter\CodeIgniter->runController(Object(App\Controllers\Mission))
#7 /Users/mac/development/sites/oes/system/CodeIgniter.php(344): CodeIgniter\CodeIgniter->handleRequest(NULL, Object(Config\Cache), false)
#8 /Users/mac/development/sites/oes/public/index.php(59): CodeIgniter\CodeIgniter->run()
#9 {main}
